<?xml version="1.0" encoding="UTF-8"?>
<testsuite xmlns:xsi="http://www.w3.org/2001/XMLSchema-instance" xsi:noNamespaceSchemaLocation="https://maven.apache.org/surefire/maven-surefire-plugin/xsd/surefire-test-report.xsd" name="TestSuite" time="107.154" tests="5" errors="0" skipped="0" failures="2">
  <properties>
    <property name="java.specification.version" value="20"/>
    <property name="sun.jnu.encoding" value="UTF-8"/>
    <property name="java.class.path" value="/Users/KA20463902/eclipse-workspace/cucumber_selenium/target/test-classes:/Users/KA20463902/eclipse-workspace/cucumber_selenium/target/classes:/Users/KA20463902/.m2/repository/org/seleniumhq/selenium/selenium-java/4.9.0/selenium-java-4.9.0.jar:/Users/KA20463902/.m2/repository/org/seleniumhq/selenium/selenium-api/4.9.0/selenium-api-4.9.0.jar:/Users/KA20463902/.m2/repository/org/seleniumhq/selenium/selenium-chrome-driver/4.9.0/selenium-chrome-driver-4.9.0.jar:/Users/KA20463902/.m2/repository/com/google/auto/service/auto-service-annotations/1.0.1/auto-service-annotations-1.0.1.jar:/Users/KA20463902/.m2/repository/com/google/auto/service/auto-service/1.0.1/auto-service-1.0.1.jar:/Users/KA20463902/.m2/repository/com/google/auto/auto-common/1.2/auto-common-1.2.jar:/Users/KA20463902/.m2/repository/com/google/guava/guava/31.1-jre/guava-31.1-jre.jar:/Users/KA20463902/.m2/repository/com/google/guava/failureaccess/1.0.1/failureaccess-1.0.1.jar:/Users/KA20463902/.m2/repository/com/google/guava/listenablefuture/9999.0-empty-to-avoid-conflict-with-guava/listenablefuture-9999.0-empty-to-avoid-conflict-with-guava.jar:/Users/KA20463902/.m2/repository/com/google/code/findbugs/jsr305/3.0.2/jsr305-3.0.2.jar:/Users/KA20463902/.m2/repository/org/checkerframework/checker-qual/3.12.0/checker-qual-3.12.0.jar:/Users/KA20463902/.m2/repository/com/google/errorprone/error_prone_annotations/2.11.0/error_prone_annotations-2.11.0.jar:/Users/KA20463902/.m2/repository/com/google/j2objc/j2objc-annotations/1.3/j2objc-annotations-1.3.jar:/Users/KA20463902/.m2/repository/org/seleniumhq/selenium/selenium-chromium-driver/4.9.0/selenium-chromium-driver-4.9.0.jar:/Users/KA20463902/.m2/repository/org/seleniumhq/selenium/selenium-json/4.9.0/selenium-json-4.9.0.jar:/Users/KA20463902/.m2/repository/org/seleniumhq/selenium/selenium-manager/4.9.0/selenium-manager-4.9.0.jar:/Users/KA20463902/.m2/repository/org/seleniumhq/selenium/selenium-devtools-v110/4.9.0/selenium-devtools-v110-4.9.0.jar:/Users/KA20463902/.m2/repository/org/seleniumhq/selenium/selenium-devtools-v111/4.9.0/selenium-devtools-v111-4.9.0.jar:/Users/KA20463902/.m2/repository/org/seleniumhq/selenium/selenium-devtools-v112/4.9.0/selenium-devtools-v112-4.9.0.jar:/Users/KA20463902/.m2/repository/org/seleniumhq/selenium/selenium-devtools-v85/4.9.0/selenium-devtools-v85-4.9.0.jar:/Users/KA20463902/.m2/repository/org/seleniumhq/selenium/selenium-edge-driver/4.9.0/selenium-edge-driver-4.9.0.jar:/Users/KA20463902/.m2/repository/org/seleniumhq/selenium/selenium-firefox-driver/4.9.0/selenium-firefox-driver-4.9.0.jar:/Users/KA20463902/.m2/repository/org/seleniumhq/selenium/selenium-http/4.9.0/selenium-http-4.9.0.jar:/Users/KA20463902/.m2/repository/dev/failsafe/failsafe/3.3.1/failsafe-3.3.1.jar:/Users/KA20463902/.m2/repository/org/seleniumhq/selenium/selenium-ie-driver/4.9.0/selenium-ie-driver-4.9.0.jar:/Users/KA20463902/.m2/repository/org/seleniumhq/selenium/selenium-remote-driver/4.9.0/selenium-remote-driver-4.9.0.jar:/Users/KA20463902/.m2/repository/io/netty/netty-buffer/4.1.91.Final/netty-buffer-4.1.91.Final.jar:/Users/KA20463902/.m2/repository/io/netty/netty-codec-http/4.1.91.Final/netty-codec-http-4.1.91.Final.jar:/Users/KA20463902/.m2/repository/io/netty/netty-codec/4.1.91.Final/netty-codec-4.1.91.Final.jar:/Users/KA20463902/.m2/repository/io/netty/netty-handler/4.1.91.Final/netty-handler-4.1.91.Final.jar:/Users/KA20463902/.m2/repository/io/netty/netty-common/4.1.91.Final/netty-common-4.1.91.Final.jar:/Users/KA20463902/.m2/repository/io/netty/netty-transport-classes-epoll/4.1.91.Final/netty-transport-classes-epoll-4.1.91.Final.jar:/Users/KA20463902/.m2/repository/io/netty/netty-transport-classes-kqueue/4.1.91.Final/netty-transport-classes-kqueue-4.1.91.Final.jar:/Users/KA20463902/.m2/repository/io/netty/netty-transport-native-epoll/4.1.91.Final/netty-transport-native-epoll-4.1.91.Final.jar:/Users/KA20463902/.m2/repository/io/netty/netty-transport-native-kqueue/4.1.91.Final/netty-transport-native-kqueue-4.1.91.Final.jar:/Users/KA20463902/.m2/repository/io/netty/netty-transport-native-unix-common/4.1.91.Final/netty-transport-native-unix-common-4.1.91.Final.jar:/Users/KA20463902/.m2/repository/io/netty/netty-transport/4.1.91.Final/netty-transport-4.1.91.Final.jar:/Users/KA20463902/.m2/repository/io/netty/netty-resolver/4.1.91.Final/netty-resolver-4.1.91.Final.jar:/Users/KA20463902/.m2/repository/io/opentelemetry/opentelemetry-api/1.25.0/opentelemetry-api-1.25.0.jar:/Users/KA20463902/.m2/repository/io/opentelemetry/opentelemetry-context/1.25.0/opentelemetry-context-1.25.0.jar:/Users/KA20463902/.m2/repository/io/opentelemetry/opentelemetry-exporter-logging/1.25.0/opentelemetry-exporter-logging-1.25.0.jar:/Users/KA20463902/.m2/repository/io/opentelemetry/opentelemetry-sdk-metrics/1.25.0/opentelemetry-sdk-metrics-1.25.0.jar:/Users/KA20463902/.m2/repository/io/opentelemetry/opentelemetry-sdk-logs/1.25.0-alpha/opentelemetry-sdk-logs-1.25.0-alpha.jar:/Users/KA20463902/.m2/repository/io/opentelemetry/opentelemetry-api-logs/1.25.0-alpha/opentelemetry-api-logs-1.25.0-alpha.jar:/Users/KA20463902/.m2/repository/io/opentelemetry/opentelemetry-api-events/1.25.0-alpha/opentelemetry-api-events-1.25.0-alpha.jar:/Users/KA20463902/.m2/repository/io/opentelemetry/opentelemetry-sdk-common/1.25.0/opentelemetry-sdk-common-1.25.0.jar:/Users/KA20463902/.m2/repository/io/opentelemetry/opentelemetry-sdk-extension-autoconfigure-spi/1.25.0/opentelemetry-sdk-extension-autoconfigure-spi-1.25.0.jar:/Users/KA20463902/.m2/repository/io/opentelemetry/opentelemetry-sdk-extension-autoconfigure/1.25.0-alpha/opentelemetry-sdk-extension-autoconfigure-1.25.0-alpha.jar:/Users/KA20463902/.m2/repository/io/opentelemetry/opentelemetry-sdk-trace/1.25.0/opentelemetry-sdk-trace-1.25.0.jar:/Users/KA20463902/.m2/repository/io/opentelemetry/opentelemetry-sdk/1.25.0/opentelemetry-sdk-1.25.0.jar:/Users/KA20463902/.m2/repository/io/opentelemetry/opentelemetry-semconv/1.25.0-alpha/opentelemetry-semconv-1.25.0-alpha.jar:/Users/KA20463902/.m2/repository/io/ous/jtoml/2.0.0/jtoml-2.0.0.jar:/Users/KA20463902/.m2/repository/net/bytebuddy/byte-buddy/1.14.4/byte-buddy-1.14.4.jar:/Users/KA20463902/.m2/repository/org/apache/commons/commons-exec/1.3/commons-exec-1.3.jar:/Users/KA20463902/.m2/repository/org/asynchttpclient/async-http-client/2.12.3/async-http-client-2.12.3.jar:/Users/KA20463902/.m2/repository/org/asynchttpclient/async-http-client-netty-utils/2.12.3/async-http-client-netty-utils-2.12.3.jar:/Users/KA20463902/.m2/repository/io/netty/netty-codec-socks/4.1.60.Final/netty-codec-socks-4.1.60.Final.jar:/Users/KA20463902/.m2/repository/io/netty/netty-handler-proxy/4.1.60.Final/netty-handler-proxy-4.1.60.Final.jar:/Users/KA20463902/.m2/repository/io/netty/netty-transport-native-epoll/4.1.60.Final/netty-transport-native-epoll-4.1.60.Final-linux-x86_64.jar:/Users/KA20463902/.m2/repository/io/netty/netty-transport-native-kqueue/4.1.60.Final/netty-transport-native-kqueue-4.1.60.Final-osx-x86_64.jar:/Users/KA20463902/.m2/repository/org/reactivestreams/reactive-streams/1.0.3/reactive-streams-1.0.3.jar:/Users/KA20463902/.m2/repository/com/typesafe/netty/netty-reactive-streams/2.0.4/netty-reactive-streams-2.0.4.jar:/Users/KA20463902/.m2/repository/com/sun/activation/jakarta.activation/1.2.2/jakarta.activation-1.2.2.jar:/Users/KA20463902/.m2/repository/org/seleniumhq/selenium/selenium-safari-driver/4.9.0/selenium-safari-driver-4.9.0.jar:/Users/KA20463902/.m2/repository/org/seleniumhq/selenium/selenium-support/4.9.0/selenium-support-4.9.0.jar:/Users/KA20463902/.m2/repository/org/testng/testng/7.7.1/testng-7.7.1.jar:/Users/KA20463902/.m2/repository/org/slf4j/slf4j-api/1.7.36/slf4j-api-1.7.36.jar:/Users/KA20463902/.m2/repository/com/beust/jcommander/1.82/jcommander-1.82.jar:/Users/KA20463902/.m2/repository/org/webjars/jquery/3.6.1/jquery-3.6.1.jar:/Users/KA20463902/.m2/repository/io/github/bonigarcia/webdrivermanager/5.3.2/webdrivermanager-5.3.2.jar:/Users/KA20463902/.m2/repository/com/google/code/gson/gson/2.10.1/gson-2.10.1.jar:/Users/KA20463902/.m2/repository/com/github/docker-java/docker-java/3.2.14/docker-java-3.2.14.jar:/Users/KA20463902/.m2/repository/com/github/docker-java/docker-java-core/3.2.14/docker-java-core-3.2.14.jar:/Users/KA20463902/.m2/repository/com/github/docker-java/docker-java-api/3.2.14/docker-java-api-3.2.14.jar:/Users/KA20463902/.m2/repository/com/fasterxml/jackson/core/jackson-annotations/2.10.3/jackson-annotations-2.10.3.jar:/Users/KA20463902/.m2/repository/com/fasterxml/jackson/core/jackson-databind/2.10.3/jackson-databind-2.10.3.jar:/Users/KA20463902/.m2/repository/com/fasterxml/jackson/core/jackson-core/2.10.3/jackson-core-2.10.3.jar:/Users/KA20463902/.m2/repository/org/bouncycastle/bcpkix-jdk15on/1.64/bcpkix-jdk15on-1.64.jar:/Users/KA20463902/.m2/repository/org/bouncycastle/bcprov-jdk15on/1.64/bcprov-jdk15on-1.64.jar:/Users/KA20463902/.m2/repository/org/slf4j/jcl-over-slf4j/1.7.30/jcl-over-slf4j-1.7.30.jar:/Users/KA20463902/.m2/repository/com/github/docker-java/docker-java-transport-httpclient5/3.2.14/docker-java-transport-httpclient5-3.2.14.jar:/Users/KA20463902/.m2/repository/com/github/docker-java/docker-java-transport/3.2.14/docker-java-transport-3.2.14.jar:/Users/KA20463902/.m2/repository/net/java/dev/jna/jna/5.12.1/jna-5.12.1.jar:/Users/KA20463902/.m2/repository/org/brotli/dec/0.1.2/dec-0.1.2.jar:/Users/KA20463902/.m2/repository/org/apache/commons/commons-lang3/3.12.0/commons-lang3-3.12.0.jar:/Users/KA20463902/.m2/repository/org/apache/httpcomponents/client5/httpclient5/5.2.1/httpclient5-5.2.1.jar:/Users/KA20463902/.m2/repository/org/apache/httpcomponents/core5/httpcore5/5.2/httpcore5-5.2.jar:/Users/KA20463902/.m2/repository/org/apache/httpcomponents/core5/httpcore5-h2/5.2/httpcore5-h2-5.2.jar:/Users/KA20463902/.m2/repository/org/apache/poi/poi-ooxml/5.2.3/poi-ooxml-5.2.3.jar:/Users/KA20463902/.m2/repository/org/apache/poi/poi/5.2.3/poi-5.2.3.jar:/Users/KA20463902/.m2/repository/commons-codec/commons-codec/1.15/commons-codec-1.15.jar:/Users/KA20463902/.m2/repository/org/apache/commons/commons-math3/3.6.1/commons-math3-3.6.1.jar:/Users/KA20463902/.m2/repository/com/zaxxer/SparseBitSet/1.2/SparseBitSet-1.2.jar:/Users/KA20463902/.m2/repository/org/apache/poi/poi-ooxml-lite/5.2.3/poi-ooxml-lite-5.2.3.jar:/Users/KA20463902/.m2/repository/org/apache/xmlbeans/xmlbeans/5.1.1/xmlbeans-5.1.1.jar:/Users/KA20463902/.m2/repository/org/apache/commons/commons-compress/1.21/commons-compress-1.21.jar:/Users/KA20463902/.m2/repository/commons-io/commons-io/2.11.0/commons-io-2.11.0.jar:/Users/KA20463902/.m2/repository/com/github/virtuald/curvesapi/1.07/curvesapi-1.07.jar:/Users/KA20463902/.m2/repository/org/apache/logging/log4j/log4j-api/2.18.0/log4j-api-2.18.0.jar:/Users/KA20463902/.m2/repository/org/apache/commons/commons-collections4/4.4/commons-collections4-4.4.jar:/Users/KA20463902/.m2/repository/io/cucumber/cucumber-java/7.12.0/cucumber-java-7.12.0.jar:/Users/KA20463902/.m2/repository/org/apiguardian/apiguardian-api/1.1.2/apiguardian-api-1.1.2.jar:/Users/KA20463902/.m2/repository/io/cucumber/cucumber-core/7.12.0/cucumber-core-7.12.0.jar:/Users/KA20463902/.m2/repository/io/cucumber/cucumber-gherkin/7.12.0/cucumber-gherkin-7.12.0.jar:/Users/KA20463902/.m2/repository/io/cucumber/cucumber-gherkin-messages/7.12.0/cucumber-gherkin-messages-7.12.0.jar:/Users/KA20463902/.m2/repository/io/cucumber/gherkin/26.2.0/gherkin-26.2.0.jar:/Users/KA20463902/.m2/repository/io/cucumber/messages/22.0.0/messages-22.0.0.jar:/Users/KA20463902/.m2/repository/io/cucumber/tag-expressions/5.0.1/tag-expressions-5.0.1.jar:/Users/KA20463902/.m2/repository/io/cucumber/cucumber-expressions/16.1.2/cucumber-expressions-16.1.2.jar:/Users/KA20463902/.m2/repository/io/cucumber/datatable/7.12.0/datatable-7.12.0.jar:/Users/KA20463902/.m2/repository/io/cucumber/cucumber-plugin/7.12.0/cucumber-plugin-7.12.0.jar:/Users/KA20463902/.m2/repository/io/cucumber/docstring/7.12.0/docstring-7.12.0.jar:/Users/KA20463902/.m2/repository/io/cucumber/html-formatter/20.3.0/html-formatter-20.3.0.jar:/Users/KA20463902/.m2/repository/io/cucumber/junit-xml-formatter/0.2.0/junit-xml-formatter-0.2.0.jar:/Users/KA20463902/.m2/repository/io/cucumber/ci-environment/9.2.0/ci-environment-9.2.0.jar:/Users/KA20463902/.m2/repository/io/cucumber/cucumber-junit/7.12.0/cucumber-junit-7.12.0.jar:/Users/KA20463902/.m2/repository/junit/junit/4.13.2/junit-4.13.2.jar:/Users/KA20463902/.m2/repository/org/hamcrest/hamcrest-core/1.3/hamcrest-core-1.3.jar:/Users/KA20463902/.m2/repository/io/cucumber/cucumber-testng/7.12.0/cucumber-testng-7.12.0.jar:/Users/KA20463902/.m2/repository/org/apache/maven/surefire/surefire-testng-utils/2.22.0/surefire-testng-utils-2.22.0.jar:/Users/KA20463902/.m2/repository/org/apache/maven/surefire/surefire-grouper/2.22.0/surefire-grouper-2.22.0.jar:"/>
    <property name="java.vm.vendor" value="Oracle Corporation"/>
    <property name="sun.arch.data.model" value="64"/>
    <property name="java.vendor.url" value="https://java.oracle.com/"/>
    <property name="os.name" value="Mac OS X"/>
    <property name="java.vm.specification.version" value="20"/>
    <property name="sun.java.launcher" value="SUN_STANDARD"/>
    <property name="user.country" value="IN"/>
    <property name="sun.boot.library.path" value="/Library/Java/JavaVirtualMachines/jdk-20.jdk/Contents/Home/lib"/>
    <property name="sun.java.command" value="/Users/KA20463902/eclipse-workspace/cucumber_selenium/target/surefire/surefirebooter7820898403240148737.jar /Users/KA20463902/eclipse-workspace/cucumber_selenium/target/surefire 2023-05-22T12-14-25_680-jvmRun1 surefire1591188183747220184tmp surefire_05316406539085814341tmp"/>
    <property name="http.nonProxyHosts" value="local|*.local|169.254/16|*.169.254/16"/>
    <property name="jdk.debug" value="release"/>
    <property name="surefire.test.class.path" value="/Users/KA20463902/eclipse-workspace/cucumber_selenium/target/test-classes:/Users/KA20463902/eclipse-workspace/cucumber_selenium/target/classes:/Users/KA20463902/.m2/repository/org/seleniumhq/selenium/selenium-java/4.9.0/selenium-java-4.9.0.jar:/Users/KA20463902/.m2/repository/org/seleniumhq/selenium/selenium-api/4.9.0/selenium-api-4.9.0.jar:/Users/KA20463902/.m2/repository/org/seleniumhq/selenium/selenium-chrome-driver/4.9.0/selenium-chrome-driver-4.9.0.jar:/Users/KA20463902/.m2/repository/com/google/auto/service/auto-service-annotations/1.0.1/auto-service-annotations-1.0.1.jar:/Users/KA20463902/.m2/repository/com/google/auto/service/auto-service/1.0.1/auto-service-1.0.1.jar:/Users/KA20463902/.m2/repository/com/google/auto/auto-common/1.2/auto-common-1.2.jar:/Users/KA20463902/.m2/repository/com/google/guava/guava/31.1-jre/guava-31.1-jre.jar:/Users/KA20463902/.m2/repository/com/google/guava/failureaccess/1.0.1/failureaccess-1.0.1.jar:/Users/KA20463902/.m2/repository/com/google/guava/listenablefuture/9999.0-empty-to-avoid-conflict-with-guava/listenablefuture-9999.0-empty-to-avoid-conflict-with-guava.jar:/Users/KA20463902/.m2/repository/com/google/code/findbugs/jsr305/3.0.2/jsr305-3.0.2.jar:/Users/KA20463902/.m2/repository/org/checkerframework/checker-qual/3.12.0/checker-qual-3.12.0.jar:/Users/KA20463902/.m2/repository/com/google/errorprone/error_prone_annotations/2.11.0/error_prone_annotations-2.11.0.jar:/Users/KA20463902/.m2/repository/com/google/j2objc/j2objc-annotations/1.3/j2objc-annotations-1.3.jar:/Users/KA20463902/.m2/repository/org/seleniumhq/selenium/selenium-chromium-driver/4.9.0/selenium-chromium-driver-4.9.0.jar:/Users/KA20463902/.m2/repository/org/seleniumhq/selenium/selenium-json/4.9.0/selenium-json-4.9.0.jar:/Users/KA20463902/.m2/repository/org/seleniumhq/selenium/selenium-manager/4.9.0/selenium-manager-4.9.0.jar:/Users/KA20463902/.m2/repository/org/seleniumhq/selenium/selenium-devtools-v110/4.9.0/selenium-devtools-v110-4.9.0.jar:/Users/KA20463902/.m2/repository/org/seleniumhq/selenium/selenium-devtools-v111/4.9.0/selenium-devtools-v111-4.9.0.jar:/Users/KA20463902/.m2/repository/org/seleniumhq/selenium/selenium-devtools-v112/4.9.0/selenium-devtools-v112-4.9.0.jar:/Users/KA20463902/.m2/repository/org/seleniumhq/selenium/selenium-devtools-v85/4.9.0/selenium-devtools-v85-4.9.0.jar:/Users/KA20463902/.m2/repository/org/seleniumhq/selenium/selenium-edge-driver/4.9.0/selenium-edge-driver-4.9.0.jar:/Users/KA20463902/.m2/repository/org/seleniumhq/selenium/selenium-firefox-driver/4.9.0/selenium-firefox-driver-4.9.0.jar:/Users/KA20463902/.m2/repository/org/seleniumhq/selenium/selenium-http/4.9.0/selenium-http-4.9.0.jar:/Users/KA20463902/.m2/repository/dev/failsafe/failsafe/3.3.1/failsafe-3.3.1.jar:/Users/KA20463902/.m2/repository/org/seleniumhq/selenium/selenium-ie-driver/4.9.0/selenium-ie-driver-4.9.0.jar:/Users/KA20463902/.m2/repository/org/seleniumhq/selenium/selenium-remote-driver/4.9.0/selenium-remote-driver-4.9.0.jar:/Users/KA20463902/.m2/repository/io/netty/netty-buffer/4.1.91.Final/netty-buffer-4.1.91.Final.jar:/Users/KA20463902/.m2/repository/io/netty/netty-codec-http/4.1.91.Final/netty-codec-http-4.1.91.Final.jar:/Users/KA20463902/.m2/repository/io/netty/netty-codec/4.1.91.Final/netty-codec-4.1.91.Final.jar:/Users/KA20463902/.m2/repository/io/netty/netty-handler/4.1.91.Final/netty-handler-4.1.91.Final.jar:/Users/KA20463902/.m2/repository/io/netty/netty-common/4.1.91.Final/netty-common-4.1.91.Final.jar:/Users/KA20463902/.m2/repository/io/netty/netty-transport-classes-epoll/4.1.91.Final/netty-transport-classes-epoll-4.1.91.Final.jar:/Users/KA20463902/.m2/repository/io/netty/netty-transport-classes-kqueue/4.1.91.Final/netty-transport-classes-kqueue-4.1.91.Final.jar:/Users/KA20463902/.m2/repository/io/netty/netty-transport-native-epoll/4.1.91.Final/netty-transport-native-epoll-4.1.91.Final.jar:/Users/KA20463902/.m2/repository/io/netty/netty-transport-native-kqueue/4.1.91.Final/netty-transport-native-kqueue-4.1.91.Final.jar:/Users/KA20463902/.m2/repository/io/netty/netty-transport-native-unix-common/4.1.91.Final/netty-transport-native-unix-common-4.1.91.Final.jar:/Users/KA20463902/.m2/repository/io/netty/netty-transport/4.1.91.Final/netty-transport-4.1.91.Final.jar:/Users/KA20463902/.m2/repository/io/netty/netty-resolver/4.1.91.Final/netty-resolver-4.1.91.Final.jar:/Users/KA20463902/.m2/repository/io/opentelemetry/opentelemetry-api/1.25.0/opentelemetry-api-1.25.0.jar:/Users/KA20463902/.m2/repository/io/opentelemetry/opentelemetry-context/1.25.0/opentelemetry-context-1.25.0.jar:/Users/KA20463902/.m2/repository/io/opentelemetry/opentelemetry-exporter-logging/1.25.0/opentelemetry-exporter-logging-1.25.0.jar:/Users/KA20463902/.m2/repository/io/opentelemetry/opentelemetry-sdk-metrics/1.25.0/opentelemetry-sdk-metrics-1.25.0.jar:/Users/KA20463902/.m2/repository/io/opentelemetry/opentelemetry-sdk-logs/1.25.0-alpha/opentelemetry-sdk-logs-1.25.0-alpha.jar:/Users/KA20463902/.m2/repository/io/opentelemetry/opentelemetry-api-logs/1.25.0-alpha/opentelemetry-api-logs-1.25.0-alpha.jar:/Users/KA20463902/.m2/repository/io/opentelemetry/opentelemetry-api-events/1.25.0-alpha/opentelemetry-api-events-1.25.0-alpha.jar:/Users/KA20463902/.m2/repository/io/opentelemetry/opentelemetry-sdk-common/1.25.0/opentelemetry-sdk-common-1.25.0.jar:/Users/KA20463902/.m2/repository/io/opentelemetry/opentelemetry-sdk-extension-autoconfigure-spi/1.25.0/opentelemetry-sdk-extension-autoconfigure-spi-1.25.0.jar:/Users/KA20463902/.m2/repository/io/opentelemetry/opentelemetry-sdk-extension-autoconfigure/1.25.0-alpha/opentelemetry-sdk-extension-autoconfigure-1.25.0-alpha.jar:/Users/KA20463902/.m2/repository/io/opentelemetry/opentelemetry-sdk-trace/1.25.0/opentelemetry-sdk-trace-1.25.0.jar:/Users/KA20463902/.m2/repository/io/opentelemetry/opentelemetry-sdk/1.25.0/opentelemetry-sdk-1.25.0.jar:/Users/KA20463902/.m2/repository/io/opentelemetry/opentelemetry-semconv/1.25.0-alpha/opentelemetry-semconv-1.25.0-alpha.jar:/Users/KA20463902/.m2/repository/io/ous/jtoml/2.0.0/jtoml-2.0.0.jar:/Users/KA20463902/.m2/repository/net/bytebuddy/byte-buddy/1.14.4/byte-buddy-1.14.4.jar:/Users/KA20463902/.m2/repository/org/apache/commons/commons-exec/1.3/commons-exec-1.3.jar:/Users/KA20463902/.m2/repository/org/asynchttpclient/async-http-client/2.12.3/async-http-client-2.12.3.jar:/Users/KA20463902/.m2/repository/org/asynchttpclient/async-http-client-netty-utils/2.12.3/async-http-client-netty-utils-2.12.3.jar:/Users/KA20463902/.m2/repository/io/netty/netty-codec-socks/4.1.60.Final/netty-codec-socks-4.1.60.Final.jar:/Users/KA20463902/.m2/repository/io/netty/netty-handler-proxy/4.1.60.Final/netty-handler-proxy-4.1.60.Final.jar:/Users/KA20463902/.m2/repository/io/netty/netty-transport-native-epoll/4.1.60.Final/netty-transport-native-epoll-4.1.60.Final-linux-x86_64.jar:/Users/KA20463902/.m2/repository/io/netty/netty-transport-native-kqueue/4.1.60.Final/netty-transport-native-kqueue-4.1.60.Final-osx-x86_64.jar:/Users/KA20463902/.m2/repository/org/reactivestreams/reactive-streams/1.0.3/reactive-streams-1.0.3.jar:/Users/KA20463902/.m2/repository/com/typesafe/netty/netty-reactive-streams/2.0.4/netty-reactive-streams-2.0.4.jar:/Users/KA20463902/.m2/repository/com/sun/activation/jakarta.activation/1.2.2/jakarta.activation-1.2.2.jar:/Users/KA20463902/.m2/repository/org/seleniumhq/selenium/selenium-safari-driver/4.9.0/selenium-safari-driver-4.9.0.jar:/Users/KA20463902/.m2/repository/org/seleniumhq/selenium/selenium-support/4.9.0/selenium-support-4.9.0.jar:/Users/KA20463902/.m2/repository/org/testng/testng/7.7.1/testng-7.7.1.jar:/Users/KA20463902/.m2/repository/org/slf4j/slf4j-api/1.7.36/slf4j-api-1.7.36.jar:/Users/KA20463902/.m2/repository/com/beust/jcommander/1.82/jcommander-1.82.jar:/Users/KA20463902/.m2/repository/org/webjars/jquery/3.6.1/jquery-3.6.1.jar:/Users/KA20463902/.m2/repository/io/github/bonigarcia/webdrivermanager/5.3.2/webdrivermanager-5.3.2.jar:/Users/KA20463902/.m2/repository/com/google/code/gson/gson/2.10.1/gson-2.10.1.jar:/Users/KA20463902/.m2/repository/com/github/docker-java/docker-java/3.2.14/docker-java-3.2.14.jar:/Users/KA20463902/.m2/repository/com/github/docker-java/docker-java-core/3.2.14/docker-java-core-3.2.14.jar:/Users/KA20463902/.m2/repository/com/github/docker-java/docker-java-api/3.2.14/docker-java-api-3.2.14.jar:/Users/KA20463902/.m2/repository/com/fasterxml/jackson/core/jackson-annotations/2.10.3/jackson-annotations-2.10.3.jar:/Users/KA20463902/.m2/repository/com/fasterxml/jackson/core/jackson-databind/2.10.3/jackson-databind-2.10.3.jar:/Users/KA20463902/.m2/repository/com/fasterxml/jackson/core/jackson-core/2.10.3/jackson-core-2.10.3.jar:/Users/KA20463902/.m2/repository/org/bouncycastle/bcpkix-jdk15on/1.64/bcpkix-jdk15on-1.64.jar:/Users/KA20463902/.m2/repository/org/bouncycastle/bcprov-jdk15on/1.64/bcprov-jdk15on-1.64.jar:/Users/KA20463902/.m2/repository/org/slf4j/jcl-over-slf4j/1.7.30/jcl-over-slf4j-1.7.30.jar:/Users/KA20463902/.m2/repository/com/github/docker-java/docker-java-transport-httpclient5/3.2.14/docker-java-transport-httpclient5-3.2.14.jar:/Users/KA20463902/.m2/repository/com/github/docker-java/docker-java-transport/3.2.14/docker-java-transport-3.2.14.jar:/Users/KA20463902/.m2/repository/net/java/dev/jna/jna/5.12.1/jna-5.12.1.jar:/Users/KA20463902/.m2/repository/org/brotli/dec/0.1.2/dec-0.1.2.jar:/Users/KA20463902/.m2/repository/org/apache/commons/commons-lang3/3.12.0/commons-lang3-3.12.0.jar:/Users/KA20463902/.m2/repository/org/apache/httpcomponents/client5/httpclient5/5.2.1/httpclient5-5.2.1.jar:/Users/KA20463902/.m2/repository/org/apache/httpcomponents/core5/httpcore5/5.2/httpcore5-5.2.jar:/Users/KA20463902/.m2/repository/org/apache/httpcomponents/core5/httpcore5-h2/5.2/httpcore5-h2-5.2.jar:/Users/KA20463902/.m2/repository/org/apache/poi/poi-ooxml/5.2.3/poi-ooxml-5.2.3.jar:/Users/KA20463902/.m2/repository/org/apache/poi/poi/5.2.3/poi-5.2.3.jar:/Users/KA20463902/.m2/repository/commons-codec/commons-codec/1.15/commons-codec-1.15.jar:/Users/KA20463902/.m2/repository/org/apache/commons/commons-math3/3.6.1/commons-math3-3.6.1.jar:/Users/KA20463902/.m2/repository/com/zaxxer/SparseBitSet/1.2/SparseBitSet-1.2.jar:/Users/KA20463902/.m2/repository/org/apache/poi/poi-ooxml-lite/5.2.3/poi-ooxml-lite-5.2.3.jar:/Users/KA20463902/.m2/repository/org/apache/xmlbeans/xmlbeans/5.1.1/xmlbeans-5.1.1.jar:/Users/KA20463902/.m2/repository/org/apache/commons/commons-compress/1.21/commons-compress-1.21.jar:/Users/KA20463902/.m2/repository/commons-io/commons-io/2.11.0/commons-io-2.11.0.jar:/Users/KA20463902/.m2/repository/com/github/virtuald/curvesapi/1.07/curvesapi-1.07.jar:/Users/KA20463902/.m2/repository/org/apache/logging/log4j/log4j-api/2.18.0/log4j-api-2.18.0.jar:/Users/KA20463902/.m2/repository/org/apache/commons/commons-collections4/4.4/commons-collections4-4.4.jar:/Users/KA20463902/.m2/repository/io/cucumber/cucumber-java/7.12.0/cucumber-java-7.12.0.jar:/Users/KA20463902/.m2/repository/org/apiguardian/apiguardian-api/1.1.2/apiguardian-api-1.1.2.jar:/Users/KA20463902/.m2/repository/io/cucumber/cucumber-core/7.12.0/cucumber-core-7.12.0.jar:/Users/KA20463902/.m2/repository/io/cucumber/cucumber-gherkin/7.12.0/cucumber-gherkin-7.12.0.jar:/Users/KA20463902/.m2/repository/io/cucumber/cucumber-gherkin-messages/7.12.0/cucumber-gherkin-messages-7.12.0.jar:/Users/KA20463902/.m2/repository/io/cucumber/gherkin/26.2.0/gherkin-26.2.0.jar:/Users/KA20463902/.m2/repository/io/cucumber/messages/22.0.0/messages-22.0.0.jar:/Users/KA20463902/.m2/repository/io/cucumber/tag-expressions/5.0.1/tag-expressions-5.0.1.jar:/Users/KA20463902/.m2/repository/io/cucumber/cucumber-expressions/16.1.2/cucumber-expressions-16.1.2.jar:/Users/KA20463902/.m2/repository/io/cucumber/datatable/7.12.0/datatable-7.12.0.jar:/Users/KA20463902/.m2/repository/io/cucumber/cucumber-plugin/7.12.0/cucumber-plugin-7.12.0.jar:/Users/KA20463902/.m2/repository/io/cucumber/docstring/7.12.0/docstring-7.12.0.jar:/Users/KA20463902/.m2/repository/io/cucumber/html-formatter/20.3.0/html-formatter-20.3.0.jar:/Users/KA20463902/.m2/repository/io/cucumber/junit-xml-formatter/0.2.0/junit-xml-formatter-0.2.0.jar:/Users/KA20463902/.m2/repository/io/cucumber/ci-environment/9.2.0/ci-environment-9.2.0.jar:/Users/KA20463902/.m2/repository/io/cucumber/cucumber-junit/7.12.0/cucumber-junit-7.12.0.jar:/Users/KA20463902/.m2/repository/junit/junit/4.13.2/junit-4.13.2.jar:/Users/KA20463902/.m2/repository/org/hamcrest/hamcrest-core/1.3/hamcrest-core-1.3.jar:/Users/KA20463902/.m2/repository/io/cucumber/cucumber-testng/7.12.0/cucumber-testng-7.12.0.jar:/Users/KA20463902/.m2/repository/org/apache/maven/surefire/surefire-testng-utils/2.22.0/surefire-testng-utils-2.22.0.jar:/Users/KA20463902/.m2/repository/org/apache/maven/surefire/surefire-grouper/2.22.0/surefire-grouper-2.22.0.jar:"/>
    <property name="sun.cpu.endian" value="little"/>
    <property name="user.home" value="/Users/KA20463902"/>
    <property name="user.language" value="en"/>
    <property name="java.specification.vendor" value="Oracle Corporation"/>
    <property name="java.version.date" value="2023-03-21"/>
    <property name="java.home" value="/Library/Java/JavaVirtualMachines/jdk-20.jdk/Contents/Home"/>
    <property name="file.separator" value="/"/>
    <property name="basedir" value="/Users/KA20463902/eclipse-workspace/cucumber_selenium"/>
    <property name="style.color" value="always"/>
    <property name="java.vm.compressedOopsMode" value="Zero based"/>
    <property name="line.separator" value="&#10;"/>
    <property name="java.vm.specification.vendor" value="Oracle Corporation"/>
    <property name="java.specification.name" value="Java Platform API Specification"/>
    <property name="apple.awt.application.name" value="ForkedBooter"/>
    <property name="surefire.real.class.path" value="/Users/KA20463902/eclipse-workspace/cucumber_selenium/target/surefire/surefirebooter7820898403240148737.jar"/>
    <property name="sun.management.compiler" value="HotSpot 64-Bit Tiered Compilers"/>
    <property name="ftp.nonProxyHosts" value="local|*.local|169.254/16|*.169.254/16"/>
    <property name="java.runtime.version" value="20+36-2344"/>
    <property name="user.name" value="KA20463902"/>
    <property name="stdout.encoding" value="UTF-8"/>
    <property name="path.separator" value=":"/>
    <property name="os.version" value="12.6.4"/>
    <property name="java.runtime.name" value="Java(TM) SE Runtime Environment"/>
    <property name="file.encoding" value="UTF-8"/>
    <property name="java.vm.name" value="Java HotSpot(TM) 64-Bit Server VM"/>
    <property name="localRepository" value="/Users/KA20463902/.m2/repository"/>
    <property name="java.vendor.url.bug" value="https://bugreport.java.com/bugreport/"/>
    <property name="java.io.tmpdir" value="/var/folders/8y/wl7wgrd14l99vlxn6q278ml40000gq/T/"/>
    <property name="java.version" value="20"/>
    <property name="user.dir" value="/Users/KA20463902/eclipse-workspace/cucumber_selenium"/>
    <property name="os.arch" value="aarch64"/>
    <property name="java.vm.specification.name" value="Java Virtual Machine Specification"/>
    <property name="native.encoding" value="UTF-8"/>
    <property name="java.library.path" value="/Users/KA20463902/Library/Java/Extensions:/Library/Java/Extensions:/Network/Library/Java/Extensions:/System/Library/Java/Extensions:/usr/lib/java:."/>
    <property name="java.vm.info" value="mixed mode, sharing"/>
    <property name="stderr.encoding" value="UTF-8"/>
    <property name="java.vendor" value="Oracle Corporation"/>
    <property name="java.vm.version" value="20+36-2344"/>
    <property name="sun.io.unicode.encoding" value="UnicodeBig"/>
    <property name="socksNonProxyHosts" value="local|*.local|169.254/16|*.169.254/16"/>
    <property name="java.class.version" value="64.0"/>
  </properties>
  <testcase name="runScenario" classname="petstore_Ques1_Runner" time="0.056">
    <failure message="The step &apos;I launched the application&apos; and 12 other step(s) are undefined.&#10;You can implement these steps using the snippet(s) below:&#10;&#10;@Given(&quot;I launched the application&quot;)&#10;public void i_launched_the_application() {&#10;    // Write code here that turns the phrase above into concrete actions&#10;    throw new io.cucumber.java.PendingException();&#10;}&#10;@Given(&quot;I opened the sign up page&quot;)&#10;public void i_opened_the_sign_up_page() {&#10;    // Write code here that turns the phrase above into concrete actions&#10;    throw new io.cucumber.java.PendingException();&#10;}&#10;@When(&quot;I enter a valid emailId or a valid mobile number&quot;)&#10;public void i_enter_a_valid_email_id_or_a_valid_mobile_number() {&#10;    // Write code here that turns the phrase above into concrete actions&#10;    throw new io.cucumber.java.PendingException();&#10;}&#10;@When(&quot;I enter a strong password&quot;)&#10;public void i_enter_a_strong_password() {&#10;    // Write code here that turns the phrase above into concrete actions&#10;    throw new io.cucumber.java.PendingException();&#10;}&#10;@When(&quot;I click on Agree&amp;Join&quot;)&#10;public void i_click_on_agree_join() {&#10;    // Write code here that turns the phrase above into concrete actions&#10;    throw new io.cucumber.java.PendingException();&#10;}&#10;@Then(&quot;I navigate to next page&quot;)&#10;public void i_navigate_to_next_page() {&#10;    // Write code here that turns the phrase above into concrete actions&#10;    throw new io.cucumber.java.PendingException();&#10;}&#10;@Then(&quot;I enter firstname and lastname&quot;)&#10;public void i_enter_firstname_and_lastname() {&#10;    // Write code here that turns the phrase above into concrete actions&#10;    throw new io.cucumber.java.PendingException();&#10;}&#10;@Then(&quot;I click on continue&quot;)&#10;public void i_click_on_continue() {&#10;    // Write code here that turns the phrase above into concrete actions&#10;    throw new io.cucumber.java.PendingException();&#10;}&#10;@Then(&quot;I navigate to profile location page&quot;)&#10;public void i_navigate_to_profile_location_page() {&#10;    // Write code here that turns the phrase above into concrete actions&#10;    throw new io.cucumber.java.PendingException();&#10;}&#10;@Then(&quot;I enter the country\\/region&quot;)&#10;public void i_enter_the_country_region() {&#10;    // Write code here that turns the phrase above into concrete actions&#10;    throw new io.cucumber.java.PendingException();&#10;}&#10;@Then(&quot;I enter the city&quot;)&#10;public void i_enter_the_city() {&#10;    // Write code here that turns the phrase above into concrete actions&#10;    throw new io.cucumber.java.PendingException();&#10;}&#10;@Then(&quot;I redirect to LinkedIn feed page indicating a successful sign up&quot;)&#10;public void i_redirect_to_linked_in_feed_page_indicating_a_successful_sign_up() {&#10;    // Write code here that turns the phrase above into concrete actions&#10;    throw new io.cucumber.java.PendingException();&#10;}&#10;" type="io.cucumber.testng.UndefinedStepException"><![CDATA[io.cucumber.testng.UndefinedStepException: 
The step 'I launched the application' and 12 other step(s) are undefined.
You can implement these steps using the snippet(s) below:

@Given("I launched the application")
public void i_launched_the_application() {
    // Write code here that turns the phrase above into concrete actions
    throw new io.cucumber.java.PendingException();
}
@Given("I opened the sign up page")
public void i_opened_the_sign_up_page() {
    // Write code here that turns the phrase above into concrete actions
    throw new io.cucumber.java.PendingException();
}
@When("I enter a valid emailId or a valid mobile number")
public void i_enter_a_valid_email_id_or_a_valid_mobile_number() {
    // Write code here that turns the phrase above into concrete actions
    throw new io.cucumber.java.PendingException();
}
@When("I enter a strong password")
public void i_enter_a_strong_password() {
    // Write code here that turns the phrase above into concrete actions
    throw new io.cucumber.java.PendingException();
}
@When("I click on Agree&Join")
public void i_click_on_agree_join() {
    // Write code here that turns the phrase above into concrete actions
    throw new io.cucumber.java.PendingException();
}
@Then("I navigate to next page")
public void i_navigate_to_next_page() {
    // Write code here that turns the phrase above into concrete actions
    throw new io.cucumber.java.PendingException();
}
@Then("I enter firstname and lastname")
public void i_enter_firstname_and_lastname() {
    // Write code here that turns the phrase above into concrete actions
    throw new io.cucumber.java.PendingException();
}
@Then("I click on continue")
public void i_click_on_continue() {
    // Write code here that turns the phrase above into concrete actions
    throw new io.cucumber.java.PendingException();
}
@Then("I navigate to profile location page")
public void i_navigate_to_profile_location_page() {
    // Write code here that turns the phrase above into concrete actions
    throw new io.cucumber.java.PendingException();
}
@Then("I enter the country\\/region")
public void i_enter_the_country_region() {
    // Write code here that turns the phrase above into concrete actions
    throw new io.cucumber.java.PendingException();
}
@Then("I enter the city")
public void i_enter_the_city() {
    // Write code here that turns the phrase above into concrete actions
    throw new io.cucumber.java.PendingException();
}
@Then("I redirect to LinkedIn feed page indicating a successful sign up")
public void i_redirect_to_linked_in_feed_page_indicating_a_successful_sign_up() {
    // Write code here that turns the phrase above into concrete actions
    throw new io.cucumber.java.PendingException();
}

]]></failure>
    <system-err><![CDATA[SLF4J: Failed to load class "org.slf4j.impl.StaticLoggerBinder".
SLF4J: Defaulting to no-operation (NOP) logger implementation
SLF4J: See http://www.slf4j.org/codes.html#StaticLoggerBinder for further details.
May 22, 2023 12:14:26 PM io.cucumber.testng.TestNGCucumberOptionsProvider warnWhenJUnitCucumberOptionsAreUsed
WARNING: Ignoring options provided by io.cucumber.junit.CucumberOptions on petstore_Ques1_Runner. It is recommend to use separate runner classes for JUnit and TestNG.
]]></system-err>
  </testcase>
  <testcase name="runScenario" classname="petstore_Ques1_Runner" time="55.193">
    <failure message="no such element: Unable to locate element: {&quot;method&quot;:&quot;xpath&quot;,&quot;selector&quot;:&quot;//*[@placeholder=&apos;Username&apos;]&quot;}&#10;  (Session info: chrome=113.0.5672.126)&#10;For documentation on this error, please visit: https://selenium.dev/exceptions/#no_such_element&#10;Build info: version: &apos;4.9.0&apos;, revision: &apos;d7057100a6&apos;&#10;System info: os.name: &apos;Mac OS X&apos;, os.arch: &apos;aarch64&apos;, os.version: &apos;12.6.4&apos;, java.version: &apos;20&apos;&#10;Driver info: org.openqa.selenium.chrome.ChromeDriver&#10;Command: [a73c0c561966634d3a317ab26d3cbc0f, findElement {using=xpath, value=//*[@placeholder=&apos;Username&apos;]}]&#10;Capabilities {acceptInsecureCerts: false, browserName: chrome, browserVersion: 113.0.5672.126, chrome: {chromedriverVersion: 113.0.5672.63 (0e1a4471d5ae..., userDataDir: /var/folders/8y/wl7wgrd14l9...}, goog:chromeOptions: {debuggerAddress: localhost:54055}, networkConnectionEnabled: false, pageLoadStrategy: normal, platformName: MAC, proxy: Proxy(), se:cdp: ws://localhost:54055/devtoo..., se:cdpVersion: 113.0.5672.126, setWindowRect: true, strictFileInteractability: false, timeouts: {implicit: 0, pageLoad: 300000, script: 30000}, unhandledPromptBehavior: dismiss and notify, webauthn:extension:credBlob: true, webauthn:extension:largeBlob: true, webauthn:extension:minPinLength: true, webauthn:extension:prf: true, webauthn:virtualAuthenticators: true}&#10;Session ID: a73c0c561966634d3a317ab26d3cbc0f" type="org.openqa.selenium.NoSuchElementException">org.openqa.selenium.NoSuchElementException: 
no such element: Unable to locate element: {"method":"xpath","selector":"//*[@placeholder='Username']"}
  (Session info: chrome=113.0.5672.126)
For documentation on this error, please visit: https://selenium.dev/exceptions/#no_such_element
Build info: version: '4.9.0', revision: 'd7057100a6'
System info: os.name: 'Mac OS X', os.arch: 'aarch64', os.version: '12.6.4', java.version: '20'
Driver info: org.openqa.selenium.chrome.ChromeDriver
Command: [a73c0c561966634d3a317ab26d3cbc0f, findElement {using=xpath, value=//*[@placeholder='Username']}]
Capabilities {acceptInsecureCerts: false, browserName: chrome, browserVersion: 113.0.5672.126, chrome: {chromedriverVersion: 113.0.5672.63 (0e1a4471d5ae..., userDataDir: /var/folders/8y/wl7wgrd14l9...}, goog:chromeOptions: {debuggerAddress: localhost:54055}, networkConnectionEnabled: false, pageLoadStrategy: normal, platformName: MAC, proxy: Proxy(), se:cdp: ws://localhost:54055/devtoo..., se:cdpVersion: 113.0.5672.126, setWindowRect: true, strictFileInteractability: false, timeouts: {implicit: 0, pageLoad: 300000, script: 30000}, unhandledPromptBehavior: dismiss and notify, webauthn:extension:credBlob: true, webauthn:extension:largeBlob: true, webauthn:extension:minPinLength: true, webauthn:extension:prf: true, webauthn:virtualAuthenticators: true}
Session ID: a73c0c561966634d3a317ab26d3cbc0f
</failure>
    <system-err><![CDATA[ERROR StatusLogger Log4j2 could not find a logging implementation. Please add log4j-core to the classpath. Using SimpleLogger to log to the console...
Starting ChromeDriver 113.0.5672.63 (0e1a4471d5ae5bf128b1bd8f4d627c8cbd55f70c-refs/branch-heads/5672@{#912}) on port 45629
Only local connections are allowed.
Please see https://chromedriver.chromium.org/security-considerations for suggestions on keeping ChromeDriver safe.
ChromeDriver was started successfully.
May 22, 2023 12:14:27 PM org.openqa.selenium.devtools.CdpVersionFinder findNearestMatch
WARNING: Unable to find an exact match for CDP version 113, so returning the closest version found: 112
]]></system-err>
  </testcase>
  <testcase name="runScenario" classname="petstore_Ques1_Runner" time="13.811"/>
  <testcase name="runScenario" classname="petstore_Ques1_Runner" time="13.148"/>
  <testcase name="runScenario" classname="petstore_Ques1_Runner" time="24.375"/>
</testsuite>