<?xml version="1.0" encoding="UTF-8"?>
<!-- Generated by org.testng.reporters.JUnitReportReporter -->
<testsuite hostname="FVFHXGR2Q6LR" failures="0" tests="3" name="petstore_Ques1_Runner" time="32.825" errors="0" timestamp="2023-05-22T12:30:15 IST" skipped="0">
  <testcase classname="petstore_Ques1_Runner" name="runScenario" time="10.161"/>
  <system-out/>
  <testcase classname="petstore_Ques1_Runner" name="runScenario" time="11.659"/>
  <system-out/>
  <testcase classname="petstore_Ques1_Runner" name="runScenario" time="11.005"/>
  <system-out/>
</testsuite> <!-- petstore_Ques1_Runner -->
